{"/home/sourabh/Desktop/task/es6social/src/test/admin/image_resize.js":{"path":"/home/sourabh/Desktop/task/es6social/src/test/admin/image_resize.js","s":{"1":1,"2":1,"3":1,"4":1,"5":1,"6":1,"7":1,"8":1,"9":1,"10":1,"11":1,"12":1,"13":1,"14":1},"b":{},"f":{},"fnMap":{},"statementMap":{"1":{"start":{"line":1,"column":0},"end":{"line":1,"column":29}},"2":{"start":{"line":2,"column":0},"end":{"line":2,"column":38}},"3":{"start":{"line":3,"column":0},"end":{"line":3,"column":29}},"4":{"start":{"line":5,"column":0},"end":{"line":5,"column":19}},"5":{"start":{"line":7,"column":0},"end":{"line":29,"column":3}},"6":{"start":{"line":9,"column":4},"end":{"line":28,"column":7}},"7":{"start":{"line":10,"column":8},"end":{"line":26,"column":11}},"8":{"start":{"line":11,"column":12},"end":{"line":14,"column":13}},"9":{"start":{"line":15,"column":12},"end":{"line":25,"column":19}},"10":{"start":{"line":20,"column":20},"end":{"line":20,"column":48}},"11":{"start":{"line":21,"column":20},"end":{"line":21,"column":51}},"12":{"start":{"line":22,"column":20},"end":{"line":22,"column":69}},"13":{"start":{"line":23,"column":20},"end":{"line":23,"column":74}},"14":{"start":{"line":24,"column":20},"end":{"line":24,"column":27}}},"branchMap":{}},"/home/sourabh/Desktop/task/es6social/src/test/admin/json_patch.js":{"path":"/home/sourabh/Desktop/task/es6social/src/test/admin/json_patch.js","s":{"1":1,"2":1,"3":1,"4":1,"5":1,"6":1,"7":1,"8":1,"9":1,"10":1,"11":1,"12":1,"13":1},"b":{},"f":{},"fnMap":{},"statementMap":{"1":{"start":{"line":1,"column":0},"end":{"line":1,"column":29}},"2":{"start":{"line":2,"column":0},"end":{"line":2,"column":38}},"3":{"start":{"line":3,"column":0},"end":{"line":3,"column":29}},"4":{"start":{"line":5,"column":0},"end":{"line":5,"column":19}},"5":{"start":{"line":7,"column":0},"end":{"line":29,"column":3}},"6":{"start":{"line":9,"column":4},"end":{"line":28,"column":7}},"7":{"start":{"line":10,"column":8},"end":{"line":26,"column":11}},"8":{"start":{"line":11,"column":12},"end":{"line":15,"column":13}},"9":{"start":{"line":16,"column":12},"end":{"line":25,"column":19}},"10":{"start":{"line":21,"column":20},"end":{"line":21,"column":48}},"11":{"start":{"line":22,"column":20},"end":{"line":22,"column":51}},"12":{"start":{"line":23,"column":20},"end":{"line":23,"column":69}},"13":{"start":{"line":24,"column":20},"end":{"line":24,"column":27}}},"branchMap":{}},"/home/sourabh/Desktop/task/es6social/src/test/index.js":{"path":"/home/sourabh/Desktop/task/es6social/src/test/index.js","s":{"1":1,"2":1,"3":1,"4":1,"5":1,"6":1,"7":1,"8":1,"9":1,"10":1},"b":{},"f":{},"fnMap":{},"statementMap":{"1":{"start":{"line":1,"column":0},"end":{"line":1,"column":29}},"2":{"start":{"line":2,"column":0},"end":{"line":2,"column":38}},"3":{"start":{"line":3,"column":0},"end":{"line":3,"column":29}},"4":{"start":{"line":5,"column":0},"end":{"line":5,"column":19}},"5":{"start":{"line":7,"column":0},"end":{"line":21,"column":3}},"6":{"start":{"line":9,"column":4},"end":{"line":20,"column":7}},"7":{"start":{"line":10,"column":8},"end":{"line":18,"column":11}},"8":{"start":{"line":12,"column":12},"end":{"line":17,"column":19}},"9":{"start":{"line":15,"column":20},"end":{"line":15,"column":48}},"10":{"start":{"line":16,"column":20},"end":{"line":16,"column":27}}},"branchMap":{}},"/home/sourabh/Desktop/task/es6social/src/test/user.js":{"path":"/home/sourabh/Desktop/task/es6social/src/test/user.js","s":{"1":1,"2":1,"3":1,"4":1,"5":1,"6":1,"7":1,"8":1,"9":1,"10":1,"11":1,"12":1,"13":1,"14":1,"15":1,"16":1,"17":1,"18":1,"19":1,"20":1,"21":1,"22":1,"23":1,"24":1,"25":1,"26":1,"27":1,"28":1,"29":1,"30":1},"b":{},"f":{},"fnMap":{},"statementMap":{"1":{"start":{"line":1,"column":0},"end":{"line":1,"column":29}},"2":{"start":{"line":2,"column":0},"end":{"line":2,"column":38}},"3":{"start":{"line":3,"column":0},"end":{"line":3,"column":29}},"4":{"start":{"line":5,"column":0},"end":{"line":5,"column":19}},"5":{"start":{"line":7,"column":0},"end":{"line":61,"column":3}},"6":{"start":{"line":9,"column":4},"end":{"line":60,"column":7}},"7":{"start":{"line":10,"column":8},"end":{"line":25,"column":11}},"8":{"start":{"line":11,"column":12},"end":{"line":13,"column":13}},"9":{"start":{"line":14,"column":12},"end":{"line":24,"column":19}},"10":{"start":{"line":19,"column":20},"end":{"line":19,"column":48}},"11":{"start":{"line":20,"column":20},"end":{"line":20,"column":51}},"12":{"start":{"line":21,"column":20},"end":{"line":21,"column":69}},"13":{"start":{"line":22,"column":20},"end":{"line":22,"column":63}},"14":{"start":{"line":23,"column":20},"end":{"line":23,"column":27}},"15":{"start":{"line":26,"column":8},"end":{"line":41,"column":11}},"16":{"start":{"line":27,"column":12},"end":{"line":29,"column":13}},"17":{"start":{"line":30,"column":12},"end":{"line":40,"column":19}},"18":{"start":{"line":35,"column":20},"end":{"line":35,"column":48}},"19":{"start":{"line":36,"column":20},"end":{"line":36,"column":51}},"20":{"start":{"line":37,"column":20},"end":{"line":37,"column":69}},"21":{"start":{"line":38,"column":20},"end":{"line":38,"column":63}},"22":{"start":{"line":39,"column":20},"end":{"line":39,"column":27}},"23":{"start":{"line":42,"column":8},"end":{"line":58,"column":11}},"24":{"start":{"line":43,"column":12},"end":{"line":46,"column":13}},"25":{"start":{"line":47,"column":12},"end":{"line":57,"column":19}},"26":{"start":{"line":52,"column":20},"end":{"line":52,"column":48}},"27":{"start":{"line":53,"column":20},"end":{"line":53,"column":51}},"28":{"start":{"line":54,"column":20},"end":{"line":54,"column":70}},"29":{"start":{"line":55,"column":20},"end":{"line":55,"column":59}},"30":{"start":{"line":56,"column":20},"end":{"line":56,"column":27}}},"branchMap":{}}}